Recursively parsing: /home/nick/IdeaProjects/pmd
/home/nick/IdeaProjects/pmd/pmd-core/src/test/resources/net/sourceforge/pmd/cpd/files/file_with_utf8_bom.java: line 6:0 no viable alternative at input '﻿/**\n * This file is using UTF-8 with BOM encoding.\n *\n * ä\n */\npublic'
/home/nick/IdeaProjects/pmd/pmd-core/src/test/resources/net/sourceforge/pmd/cpd/files/file_with_ISO-8859-1_encoding.java: line 6:29 mismatched input '-' expecting {'extends', 'implements', '{', '<'}
/home/nick/IdeaProjects/pmd/pmd-core/target/test-classes/net/sourceforge/pmd/cpd/files/file_with_utf8_bom.java: line 6:0 no viable alternative at input '﻿/**\n * This file is using UTF-8 with BOM encoding.\n *\n * ä\n */\npublic'
/home/nick/IdeaProjects/pmd/pmd-core/target/test-classes/net/sourceforge/pmd/cpd/files/file_with_ISO-8859-1_encoding.java: line 6:29 mismatched input '-' expecting {'extends', 'implements', '{', '<'}
/home/nick/IdeaProjects/pmd/pmd-java/src/test/resources/net/sourceforge/pmd/lang/java/ast/ParserCornerCases18.java: line 87:44 no viable alternative at input '(Comparator<Map.Entry<K, V>> &'
/home/nick/IdeaProjects/pmd/pmd-java/src/test/resources/net/sourceforge/pmd/lang/java/ast/GitHubBug309.java: line 6:48 mismatched input 'new' expecting IDENTIFIER
/home/nick/IdeaProjects/pmd/pmd-java/src/test/resources/net/sourceforge/pmd/lang/java/ast/jdkversiontests/jdk14_enum.java: line 2:5 no viable alternative at input 'int enum'
/home/nick/IdeaProjects/pmd/pmd-java/src/test/resources/net/sourceforge/pmd/lang/java/ast/jdkversiontests/java15p/geometry/Shape.java: line 9:14 mismatched input 'class' expecting '.'
/home/nick/IdeaProjects/pmd/pmd-java/src/test/resources/net/sourceforge/pmd/lang/java/ast/jdkversiontests/java15p/geometry/Square.java: line 9:10 mismatched input '-' expecting '.'
/home/nick/IdeaProjects/pmd/pmd-java/src/test/resources/net/sourceforge/pmd/lang/java/ast/jdkversiontests/java15p/geometry/Rectangle.java: line 9:14 mismatched input 'class' expecting '.'
/home/nick/IdeaProjects/pmd/pmd-java/src/test/resources/net/sourceforge/pmd/lang/java/ast/jdkversiontests/java15p/PatternMatchingInstanceof.java: line 11:34 extraneous input 's' expecting ')'
/home/nick/IdeaProjects/pmd/pmd-java/src/test/resources/net/sourceforge/pmd/lang/java/ast/jdkversiontests/java15p/Records.java: line 23:24 mismatched input '(' expecting '.'
/home/nick/IdeaProjects/pmd/pmd-java/src/test/resources/net/sourceforge/pmd/lang/java/ast/jdkversiontests/java15p/LocalInterfacesAndEnums.java: line 15:8 extraneous input 'enum' expecting {'abstract', 'assert', 'boolean', 'break', 'byte', 'char', 'class', 'continue', 'do', 'double', 'final', 'float', 'for', 'if', 'int', 'interface', 'long', 'new', 'private', 'protected', 'public', 'return', 'short', 'static', 'strictfp', 'super', 'switch', 'synchronized', 'this', 'throw', 'try', 'void', 'while', DECIMAL_LITERAL, HEX_LITERAL, OCT_LITERAL, BINARY_LITERAL, FLOAT_LITERAL, HEX_FLOAT_LITERAL, BOOL_LITERAL, CHAR_LITERAL, STRING_LITERAL, 'null', '(', '{', '}', ';', '<', '!', '~', '++', '--', '+', '-', '@', IDENTIFIER}
/home/nick/IdeaProjects/pmd/pmd-java/src/test/resources/net/sourceforge/pmd/lang/java/ast/jdkversiontests/java15p/Point.java: line 8:14 missing '.' at 'Point'
/home/nick/IdeaProjects/pmd/pmd-java/src/test/resources/net/sourceforge/pmd/lang/java/ast/jdkversiontests/java15p/LocalRecords.java: line 18:28 no viable alternative at input 'record MerchantSales('
/home/nick/IdeaProjects/pmd/pmd-java/src/test/resources/net/sourceforge/pmd/lang/java/ast/jdkversiontests/java15p/expression/Expr.java: line 9:14 mismatched input 'interface' expecting '.'
/home/nick/IdeaProjects/pmd/pmd-java/src/test/resources/net/sourceforge/pmd/lang/java/ast/jdkversiontests/assert_test5_a.java: line 2:23 mismatched input ';' expecting '->'
/home/nick/IdeaProjects/pmd/pmd-java/src/test/resources/net/sourceforge/pmd/lang/java/ast/jdkversiontests/assert_test5.java: line 2:6 no viable alternative at input 'int assert'
/home/nick/IdeaProjects/pmd/pmd-java/src/test/resources/net/sourceforge/pmd/lang/java/ast/jdkversiontests/java14/YieldStatements.java: line 12:16 extraneous input 'switch' expecting {'boolean', 'byte', 'char', 'double', 'float', 'int', 'long', 'new', 'short', 'super', 'this', 'void', DECIMAL_LITERAL, HEX_LITERAL, OCT_LITERAL, BINARY_LITERAL, FLOAT_LITERAL, HEX_FLOAT_LITERAL, BOOL_LITERAL, CHAR_LITERAL, STRING_LITERAL, 'null', '(', '<', '!', '~', '++', '--', '+', '-', '@', IDENTIFIER}
/home/nick/IdeaProjects/pmd/pmd-java/src/test/resources/net/sourceforge/pmd/lang/java/ast/jdkversiontests/java14/MultipleCaseLabels.java: line 19:23 no viable alternative at input 'case MONDAY,'
/home/nick/IdeaProjects/pmd/pmd-java/src/test/resources/net/sourceforge/pmd/lang/java/ast/jdkversiontests/java14/SwitchExpressions.java: line 16:23 no viable alternative at input 'case MONDAY,'
/home/nick/IdeaProjects/pmd/pmd-java/src/test/resources/net/sourceforge/pmd/lang/java/ast/jdkversiontests/java14/SimpleSwitchExpressions.java: line 18:25 extraneous input 'switch' expecting {'boolean', 'byte', 'char', 'double', 'float', 'int', 'long', 'new', 'short', 'super', 'this', 'void', DECIMAL_LITERAL, HEX_LITERAL, OCT_LITERAL, BINARY_LITERAL, FLOAT_LITERAL, HEX_FLOAT_LITERAL, BOOL_LITERAL, CHAR_LITERAL, STRING_LITERAL, 'null', '(', '{', '<', '!', '~', '++', '--', '+', '-', '@', IDENTIFIER}
/home/nick/IdeaProjects/pmd/pmd-java/src/test/resources/net/sourceforge/pmd/lang/java/ast/jdkversiontests/java14/SwitchRules.java: line 18:21 no viable alternative at input 'case MONDAY,'
/home/nick/IdeaProjects/pmd/pmd-java/src/test/resources/net/sourceforge/pmd/lang/java/ast/jdkversiontests/jdk9_module_info.java: line 4:5 no viable alternative at input 'open module'
/home/nick/IdeaProjects/pmd/pmd-java/src/test/resources/net/sourceforge/pmd/lang/java/ast/jdkversiontests/java15/TextBlocks.java: line 18:24 token recognition error at: '"\n'
/home/nick/IdeaProjects/pmd/pmd-java/src/test/resources/net/sourceforge/pmd/lang/java/ast/jdkversiontests/jdk9_module_info_with_annot.java: line 5:7 no viable alternative at input '@Deprecated(since = "11", forRemoval = true)\nmodule jdk'
/home/nick/IdeaProjects/pmd/pmd-java/src/test/resources/net/sourceforge/pmd/lang/java/ast/jdkversiontests/java16p/geometry/Shape.java: line 9:14 mismatched input 'class' expecting '.'
/home/nick/IdeaProjects/pmd/pmd-java/src/test/resources/net/sourceforge/pmd/lang/java/ast/jdkversiontests/java16p/geometry/Square.java: line 9:10 mismatched input '-' expecting '.'
/home/nick/IdeaProjects/pmd/pmd-java/src/test/resources/net/sourceforge/pmd/lang/java/ast/jdkversiontests/java16p/geometry/Rectangle.java: line 9:14 mismatched input 'class' expecting '.'
/home/nick/IdeaProjects/pmd/pmd-java/src/test/resources/net/sourceforge/pmd/lang/java/ast/jdkversiontests/java16p/expression/Expr.java: line 9:14 mismatched input 'interface' expecting '.'
/home/nick/IdeaProjects/pmd/pmd-java/src/test/resources/net/sourceforge/pmd/lang/java/ast/jdkversiontests/java16/LocalClassAndInterfaceDeclarations.java: line 27:8 extraneous input 'enum' expecting {'abstract', 'assert', 'boolean', 'break', 'byte', 'char', 'class', 'continue', 'do', 'double', 'final', 'float', 'for', 'if', 'int', 'interface', 'long', 'new', 'private', 'protected', 'public', 'return', 'short', 'static', 'strictfp', 'super', 'switch', 'synchronized', 'this', 'throw', 'try', 'void', 'while', DECIMAL_LITERAL, HEX_LITERAL, OCT_LITERAL, BINARY_LITERAL, FLOAT_LITERAL, HEX_FLOAT_LITERAL, BOOL_LITERAL, CHAR_LITERAL, STRING_LITERAL, 'null', '(', '{', '}', ';', '<', '!', '~', '++', '--', '+', '-', '@', IDENTIFIER}
/home/nick/IdeaProjects/pmd/pmd-java/src/test/resources/net/sourceforge/pmd/lang/java/ast/jdkversiontests/java16/PatternMatchingInstanceof.java: line 11:34 extraneous input 's' expecting ')'
/home/nick/IdeaProjects/pmd/pmd-java/src/test/resources/net/sourceforge/pmd/lang/java/ast/jdkversiontests/java16/Records.java: line 23:24 mismatched input '(' expecting '.'
/home/nick/IdeaProjects/pmd/pmd-java/src/test/resources/net/sourceforge/pmd/lang/java/ast/jdkversiontests/java16/Point.java: line 8:14 missing '.' at 'Point'
/home/nick/IdeaProjects/pmd/pmd-java/src/test/resources/net/sourceforge/pmd/lang/java/ast/jdkversiontests/java16/LocalRecords.java: line 18:28 no viable alternative at input 'record MerchantSales('
/home/nick/IdeaProjects/pmd/pmd-java/src/test/resources/net/sourceforge/pmd/lang/java/ast/jdkversiontests/jdk9_try_with_resources.java: line 5:16 no viable alternative at input 'resource1;'
/home/nick/IdeaProjects/pmd/pmd-java/src/test/resources/net/sourceforge/pmd/lang/java/ast/jdkversiontests/assert_test7.java: line 2:6 mismatched input 'assert' expecting IDENTIFIER
/home/nick/IdeaProjects/pmd/pmd-java/src/test/resources/net/sourceforge/pmd/lang/java/ast/InfiniteLoopInLookahead.java: line 19:36 no viable alternative at input 'resList // note: missing semicolon -> parse error here...\n                                    }'
/home/nick/IdeaProjects/pmd/pmd-java/src/test/resources/net/sourceforge/pmd/lang/java/cpd/testdata/ignoreSpecialAnnotations.java: line 14:0 extraneous input '<EOF>' expecting {'abstract', 'class', 'enum', 'final', 'interface', 'private', 'protected', 'public', 'static', 'strictfp', '@', IDENTIFIER}
/home/nick/IdeaProjects/pmd/pmd-java/src/test/resources/net/sourceforge/pmd/lang/java/cpd/testdata/ignoreLiterals.java: line 6:8 missing ';' at 'System'
/home/nick/IdeaProjects/pmd/pmd-java/src/test/resources/net/sourceforge/pmd/lang/java/cpd/testdata/tabWidth.java: line 1:1 extraneous input 'int' expecting {<EOF>, 'abstract', 'class', 'enum', 'final', 'import', 'interface', 'package', 'private', 'protected', 'public', 'static', 'strictfp', ';', '@', IDENTIFIER}
/home/nick/IdeaProjects/pmd/pmd-java/target/test-classes/net/sourceforge/pmd/lang/java/ast/ParserCornerCases18.java: line 87:44 no viable alternative at input '(Comparator<Map.Entry<K, V>> &'
/home/nick/IdeaProjects/pmd/pmd-java/target/test-classes/net/sourceforge/pmd/lang/java/ast/GitHubBug309.java: line 6:48 mismatched input 'new' expecting IDENTIFIER
/home/nick/IdeaProjects/pmd/pmd-java/target/test-classes/net/sourceforge/pmd/lang/java/ast/jdkversiontests/jdk14_enum.java: line 2:5 no viable alternative at input 'int enum'
/home/nick/IdeaProjects/pmd/pmd-java/target/test-classes/net/sourceforge/pmd/lang/java/ast/jdkversiontests/java15p/geometry/Shape.java: line 9:14 mismatched input 'class' expecting '.'
/home/nick/IdeaProjects/pmd/pmd-java/target/test-classes/net/sourceforge/pmd/lang/java/ast/jdkversiontests/java15p/geometry/Square.java: line 9:10 mismatched input '-' expecting '.'
/home/nick/IdeaProjects/pmd/pmd-java/target/test-classes/net/sourceforge/pmd/lang/java/ast/jdkversiontests/java15p/geometry/Rectangle.java: line 9:14 mismatched input 'class' expecting '.'
/home/nick/IdeaProjects/pmd/pmd-java/target/test-classes/net/sourceforge/pmd/lang/java/ast/jdkversiontests/java15p/PatternMatchingInstanceof.java: line 11:34 extraneous input 's' expecting ')'
/home/nick/IdeaProjects/pmd/pmd-java/target/test-classes/net/sourceforge/pmd/lang/java/ast/jdkversiontests/java15p/Records.java: line 23:24 mismatched input '(' expecting '.'
/home/nick/IdeaProjects/pmd/pmd-java/target/test-classes/net/sourceforge/pmd/lang/java/ast/jdkversiontests/java15p/LocalInterfacesAndEnums.java: line 15:8 extraneous input 'enum' expecting {'abstract', 'assert', 'boolean', 'break', 'byte', 'char', 'class', 'continue', 'do', 'double', 'final', 'float', 'for', 'if', 'int', 'interface', 'long', 'new', 'private', 'protected', 'public', 'return', 'short', 'static', 'strictfp', 'super', 'switch', 'synchronized', 'this', 'throw', 'try', 'void', 'while', DECIMAL_LITERAL, HEX_LITERAL, OCT_LITERAL, BINARY_LITERAL, FLOAT_LITERAL, HEX_FLOAT_LITERAL, BOOL_LITERAL, CHAR_LITERAL, STRING_LITERAL, 'null', '(', '{', '}', ';', '<', '!', '~', '++', '--', '+', '-', '@', IDENTIFIER}
/home/nick/IdeaProjects/pmd/pmd-java/target/test-classes/net/sourceforge/pmd/lang/java/ast/jdkversiontests/java15p/Point.java: line 8:14 missing '.' at 'Point'
/home/nick/IdeaProjects/pmd/pmd-java/target/test-classes/net/sourceforge/pmd/lang/java/ast/jdkversiontests/java15p/LocalRecords.java: line 18:28 no viable alternative at input 'record MerchantSales('
/home/nick/IdeaProjects/pmd/pmd-java/target/test-classes/net/sourceforge/pmd/lang/java/ast/jdkversiontests/java15p/expression/Expr.java: line 9:14 mismatched input 'interface' expecting '.'
/home/nick/IdeaProjects/pmd/pmd-java/target/test-classes/net/sourceforge/pmd/lang/java/ast/jdkversiontests/assert_test5_a.java: line 2:23 mismatched input ';' expecting '->'
/home/nick/IdeaProjects/pmd/pmd-java/target/test-classes/net/sourceforge/pmd/lang/java/ast/jdkversiontests/assert_test5.java: line 2:6 no viable alternative at input 'int assert'
/home/nick/IdeaProjects/pmd/pmd-java/target/test-classes/net/sourceforge/pmd/lang/java/ast/jdkversiontests/java14/YieldStatements.java: line 12:16 extraneous input 'switch' expecting {'boolean', 'byte', 'char', 'double', 'float', 'int', 'long', 'new', 'short', 'super', 'this', 'void', DECIMAL_LITERAL, HEX_LITERAL, OCT_LITERAL, BINARY_LITERAL, FLOAT_LITERAL, HEX_FLOAT_LITERAL, BOOL_LITERAL, CHAR_LITERAL, STRING_LITERAL, 'null', '(', '<', '!', '~', '++', '--', '+', '-', '@', IDENTIFIER}
/home/nick/IdeaProjects/pmd/pmd-java/target/test-classes/net/sourceforge/pmd/lang/java/ast/jdkversiontests/java14/MultipleCaseLabels.java: line 19:23 no viable alternative at input 'case MONDAY,'
/home/nick/IdeaProjects/pmd/pmd-java/target/test-classes/net/sourceforge/pmd/lang/java/ast/jdkversiontests/java14/SwitchExpressions.java: line 16:23 no viable alternative at input 'case MONDAY,'
/home/nick/IdeaProjects/pmd/pmd-java/target/test-classes/net/sourceforge/pmd/lang/java/ast/jdkversiontests/java14/SimpleSwitchExpressions.java: line 18:25 extraneous input 'switch' expecting {'boolean', 'byte', 'char', 'double', 'float', 'int', 'long', 'new', 'short', 'super', 'this', 'void', DECIMAL_LITERAL, HEX_LITERAL, OCT_LITERAL, BINARY_LITERAL, FLOAT_LITERAL, HEX_FLOAT_LITERAL, BOOL_LITERAL, CHAR_LITERAL, STRING_LITERAL, 'null', '(', '{', '<', '!', '~', '++', '--', '+', '-', '@', IDENTIFIER}
/home/nick/IdeaProjects/pmd/pmd-java/target/test-classes/net/sourceforge/pmd/lang/java/ast/jdkversiontests/java14/SwitchRules.java: line 18:21 no viable alternative at input 'case MONDAY,'
/home/nick/IdeaProjects/pmd/pmd-java/target/test-classes/net/sourceforge/pmd/lang/java/ast/jdkversiontests/jdk9_module_info.java: line 4:5 no viable alternative at input 'open module'
/home/nick/IdeaProjects/pmd/pmd-java/target/test-classes/net/sourceforge/pmd/lang/java/ast/jdkversiontests/java15/TextBlocks.java: line 18:24 token recognition error at: '"\n'
/home/nick/IdeaProjects/pmd/pmd-java/target/test-classes/net/sourceforge/pmd/lang/java/ast/jdkversiontests/jdk9_module_info_with_annot.java: line 5:7 no viable alternative at input '@Deprecated(since = "11", forRemoval = true)\nmodule jdk'
/home/nick/IdeaProjects/pmd/pmd-java/target/test-classes/net/sourceforge/pmd/lang/java/ast/jdkversiontests/java16p/geometry/Shape.java: line 9:14 mismatched input 'class' expecting '.'
/home/nick/IdeaProjects/pmd/pmd-java/target/test-classes/net/sourceforge/pmd/lang/java/ast/jdkversiontests/java16p/geometry/Square.java: line 9:10 mismatched input '-' expecting '.'
/home/nick/IdeaProjects/pmd/pmd-java/target/test-classes/net/sourceforge/pmd/lang/java/ast/jdkversiontests/java16p/geometry/Rectangle.java: line 9:14 mismatched input 'class' expecting '.'
/home/nick/IdeaProjects/pmd/pmd-java/target/test-classes/net/sourceforge/pmd/lang/java/ast/jdkversiontests/java16p/expression/Expr.java: line 9:14 mismatched input 'interface' expecting '.'
/home/nick/IdeaProjects/pmd/pmd-java/target/test-classes/net/sourceforge/pmd/lang/java/ast/jdkversiontests/java16/LocalClassAndInterfaceDeclarations.java: line 27:8 extraneous input 'enum' expecting {'abstract', 'assert', 'boolean', 'break', 'byte', 'char', 'class', 'continue', 'do', 'double', 'final', 'float', 'for', 'if', 'int', 'interface', 'long', 'new', 'private', 'protected', 'public', 'return', 'short', 'static', 'strictfp', 'super', 'switch', 'synchronized', 'this', 'throw', 'try', 'void', 'while', DECIMAL_LITERAL, HEX_LITERAL, OCT_LITERAL, BINARY_LITERAL, FLOAT_LITERAL, HEX_FLOAT_LITERAL, BOOL_LITERAL, CHAR_LITERAL, STRING_LITERAL, 'null', '(', '{', '}', ';', '<', '!', '~', '++', '--', '+', '-', '@', IDENTIFIER}
/home/nick/IdeaProjects/pmd/pmd-java/target/test-classes/net/sourceforge/pmd/lang/java/ast/jdkversiontests/java16/PatternMatchingInstanceof.java: line 11:34 extraneous input 's' expecting ')'
/home/nick/IdeaProjects/pmd/pmd-java/target/test-classes/net/sourceforge/pmd/lang/java/ast/jdkversiontests/java16/Records.java: line 23:24 mismatched input '(' expecting '.'
/home/nick/IdeaProjects/pmd/pmd-java/target/test-classes/net/sourceforge/pmd/lang/java/ast/jdkversiontests/java16/Point.java: line 8:14 missing '.' at 'Point'
/home/nick/IdeaProjects/pmd/pmd-java/target/test-classes/net/sourceforge/pmd/lang/java/ast/jdkversiontests/java16/LocalRecords.java: line 18:28 no viable alternative at input 'record MerchantSales('
/home/nick/IdeaProjects/pmd/pmd-java/target/test-classes/net/sourceforge/pmd/lang/java/ast/jdkversiontests/jdk9_try_with_resources.java: line 5:16 no viable alternative at input 'resource1;'
/home/nick/IdeaProjects/pmd/pmd-java/target/test-classes/net/sourceforge/pmd/lang/java/ast/jdkversiontests/assert_test7.java: line 2:6 mismatched input 'assert' expecting IDENTIFIER
/home/nick/IdeaProjects/pmd/pmd-java/target/test-classes/net/sourceforge/pmd/lang/java/ast/InfiniteLoopInLookahead.java: line 19:36 no viable alternative at input 'resList // note: missing semicolon -> parse error here...\n                                    }'
/home/nick/IdeaProjects/pmd/pmd-java/target/test-classes/net/sourceforge/pmd/lang/java/cpd/testdata/ignoreSpecialAnnotations.java: line 14:0 extraneous input '<EOF>' expecting {'abstract', 'class', 'enum', 'final', 'interface', 'private', 'protected', 'public', 'static', 'strictfp', '@', IDENTIFIER}
/home/nick/IdeaProjects/pmd/pmd-java/target/test-classes/net/sourceforge/pmd/lang/java/cpd/testdata/ignoreLiterals.java: line 6:8 missing ';' at 'System'
/home/nick/IdeaProjects/pmd/pmd-java/target/test-classes/net/sourceforge/pmd/lang/java/cpd/testdata/tabWidth.java: line 1:1 extraneous input 'int' expecting {<EOF>, 'abstract', 'class', 'enum', 'final', 'import', 'interface', 'package', 'private', 'protected', 'public', 'static', 'strictfp', ';', '@', IDENTIFIER}
/home/nick/IdeaProjects/pmd/pmd-java/target/generated-sources/javacc/net/sourceforge/pmd/lang/java/ast/JavaParser.java: line 241:54 token recognition error at: '\'
Total Java 8 grammar execution time: 9619 ms
Number of successfully parsed files: 3378
Number of files failed to parse: 79
****************************************************************************************************
Recursively parsing: /home/nick/IdeaProjects/pmd
/home/nick/IdeaProjects/pmd/pmd-core/src/test/resources/net/sourceforge/pmd/cpd/files/file_with_utf8_bom.java: line 1:0 extraneous input '﻿' expecting {<EOF>, 'abstract', 'class', 'enum', 'final', 'import', 'interface', 'module', 'open', 'package', 'private', 'protected', 'public', 'static', 'strictfp', ';', '@'}
/home/nick/IdeaProjects/pmd/pmd-core/src/test/resources/net/sourceforge/pmd/cpd/files/file_with_ISO-8859-1_encoding.java: line 6:29 mismatched input '-' expecting {'extends', 'implements', '{', '<'}
/home/nick/IdeaProjects/pmd/pmd-core/target/test-classes/net/sourceforge/pmd/cpd/files/file_with_utf8_bom.java: line 1:0 extraneous input '﻿' expecting {<EOF>, 'abstract', 'class', 'enum', 'final', 'import', 'interface', 'module', 'open', 'package', 'private', 'protected', 'public', 'static', 'strictfp', ';', '@'}
/home/nick/IdeaProjects/pmd/pmd-core/target/test-classes/net/sourceforge/pmd/cpd/files/file_with_ISO-8859-1_encoding.java: line 6:29 mismatched input '-' expecting {'extends', 'implements', '{', '<'}
/home/nick/IdeaProjects/pmd/pmd-java/src/test/resources/net/sourceforge/pmd/lang/java/ast/GitHubBug309.java: line 6:48 no viable alternative at input 'int[]::<String>new'
/home/nick/IdeaProjects/pmd/pmd-java/src/test/resources/net/sourceforge/pmd/lang/java/ast/jdkversiontests/jdk14_enum.java: line 2:5 no viable alternative at input 'intenum'
/home/nick/IdeaProjects/pmd/pmd-java/src/test/resources/net/sourceforge/pmd/lang/java/ast/jdkversiontests/java15p/geometry/Shape.java: line 9:7 no viable alternative at input 'publicsealed'
/home/nick/IdeaProjects/pmd/pmd-java/src/test/resources/net/sourceforge/pmd/lang/java/ast/jdkversiontests/java15p/geometry/Square.java: line 9:7 no viable alternative at input 'publicnon'
/home/nick/IdeaProjects/pmd/pmd-java/src/test/resources/net/sourceforge/pmd/lang/java/ast/jdkversiontests/java15p/geometry/Rectangle.java: line 9:7 no viable alternative at input 'publicsealed'
/home/nick/IdeaProjects/pmd/pmd-java/src/test/resources/net/sourceforge/pmd/lang/java/ast/jdkversiontests/java15p/PatternMatchingInstanceof.java: line 11:34 no viable alternative at input 'if(objinstanceofStrings'
/home/nick/IdeaProjects/pmd/pmd-java/src/test/resources/net/sourceforge/pmd/lang/java/ast/jdkversiontests/java15p/Records.java: line 23:15 no viable alternative at input '@MyAnnotationpublicMyComplex'
/home/nick/IdeaProjects/pmd/pmd-java/src/test/resources/net/sourceforge/pmd/lang/java/ast/jdkversiontests/java15p/LocalInterfacesAndEnums.java: line 13:8 missing '}' at 'interface'
/home/nick/IdeaProjects/pmd/pmd-java/src/test/resources/net/sourceforge/pmd/lang/java/ast/jdkversiontests/java15p/Point.java: line 8:7 no viable alternative at input 'publicrecord'
/home/nick/IdeaProjects/pmd/pmd-java/src/test/resources/net/sourceforge/pmd/lang/java/ast/jdkversiontests/java15p/LocalRecords.java: line 18:28 missing ';' at '('
/home/nick/IdeaProjects/pmd/pmd-java/src/test/resources/net/sourceforge/pmd/lang/java/ast/jdkversiontests/java15p/expression/Expr.java: line 9:7 no viable alternative at input 'publicsealed'
/home/nick/IdeaProjects/pmd/pmd-java/src/test/resources/net/sourceforge/pmd/lang/java/ast/jdkversiontests/assert_test5_a.java: line 2:23 no viable alternative at input 'assert();'
/home/nick/IdeaProjects/pmd/pmd-java/src/test/resources/net/sourceforge/pmd/lang/java/ast/jdkversiontests/assert_test5.java: line 2:6 no viable alternative at input 'intassert'
/home/nick/IdeaProjects/pmd/pmd-java/src/test/resources/net/sourceforge/pmd/lang/java/ast/jdkversiontests/jdk9_invalid_identifier.java: line 10:25 no viable alternative at input 'int_'
/home/nick/IdeaProjects/pmd/pmd-java/src/test/resources/net/sourceforge/pmd/lang/java/ast/jdkversiontests/java14/YieldStatements.java: line 12:16 extraneous input 'switch' expecting {'boolean', 'byte', 'char', 'double', 'exports', 'float', 'int', 'long', 'module', 'new', 'open', 'opens', 'provides', 'requires', 'short', 'super', 'this', 'to', 'uses', 'void', 'with', IntegerLiteral, FloatingPointLiteral, BooleanLiteral, CharacterLiteral, StringLiteral, 'null', '(', '@', '!', '~', '++', '--', '+', '-', Identifier}
/home/nick/IdeaProjects/pmd/pmd-java/src/test/resources/net/sourceforge/pmd/lang/java/ast/jdkversiontests/java14/MultipleCaseLabels.java: line 19:23 no viable alternative at input 'caseMONDAY,'
/home/nick/IdeaProjects/pmd/pmd-java/src/test/resources/net/sourceforge/pmd/lang/java/ast/jdkversiontests/java14/SwitchExpressions.java: line 16:23 no viable alternative at input 'caseMONDAY,'
/home/nick/IdeaProjects/pmd/pmd-java/src/test/resources/net/sourceforge/pmd/lang/java/ast/jdkversiontests/java14/SimpleSwitchExpressions.java: line 18:25 extraneous input 'switch' expecting {'boolean', 'byte', 'char', 'double', 'exports', 'float', 'int', 'long', 'module', 'new', 'open', 'opens', 'provides', 'requires', 'short', 'super', 'this', 'to', 'uses', 'void', 'with', IntegerLiteral, FloatingPointLiteral, BooleanLiteral, CharacterLiteral, StringLiteral, 'null', '(', '{', '@', '!', '~', '++', '--', '+', '-', Identifier}
/home/nick/IdeaProjects/pmd/pmd-java/src/test/resources/net/sourceforge/pmd/lang/java/ast/jdkversiontests/java14/SwitchRules.java: line 18:21 no viable alternative at input 'caseMONDAY,'
/home/nick/IdeaProjects/pmd/pmd-java/src/test/resources/net/sourceforge/pmd/lang/java/ast/jdkversiontests/java15/TextBlocks.java: line 18:24 token recognition error at: '"\n'
/home/nick/IdeaProjects/pmd/pmd-java/src/test/resources/net/sourceforge/pmd/lang/java/ast/jdkversiontests/java16p/geometry/Shape.java: line 9:7 no viable alternative at input 'publicsealed'
/home/nick/IdeaProjects/pmd/pmd-java/src/test/resources/net/sourceforge/pmd/lang/java/ast/jdkversiontests/java16p/geometry/Square.java: line 9:7 no viable alternative at input 'publicnon'
/home/nick/IdeaProjects/pmd/pmd-java/src/test/resources/net/sourceforge/pmd/lang/java/ast/jdkversiontests/java16p/geometry/Rectangle.java: line 9:7 no viable alternative at input 'publicsealed'
/home/nick/IdeaProjects/pmd/pmd-java/src/test/resources/net/sourceforge/pmd/lang/java/ast/jdkversiontests/java16p/expression/Expr.java: line 9:7 no viable alternative at input 'publicsealed'
/home/nick/IdeaProjects/pmd/pmd-java/src/test/resources/net/sourceforge/pmd/lang/java/ast/jdkversiontests/java16/LocalClassAndInterfaceDeclarations.java: line 24:8 missing '}' at 'interface'
/home/nick/IdeaProjects/pmd/pmd-java/src/test/resources/net/sourceforge/pmd/lang/java/ast/jdkversiontests/java16/PatternMatchingInstanceof.java: line 11:34 no viable alternative at input 'if(objinstanceofStrings'
/home/nick/IdeaProjects/pmd/pmd-java/src/test/resources/net/sourceforge/pmd/lang/java/ast/jdkversiontests/java16/Records.java: line 23:15 no viable alternative at input '@MyAnnotationpublicMyComplex'
/home/nick/IdeaProjects/pmd/pmd-java/src/test/resources/net/sourceforge/pmd/lang/java/ast/jdkversiontests/java16/Point.java: line 8:7 no viable alternative at input 'publicrecord'
/home/nick/IdeaProjects/pmd/pmd-java/src/test/resources/net/sourceforge/pmd/lang/java/ast/jdkversiontests/java16/LocalRecords.java: line 18:28 missing ';' at '('
/home/nick/IdeaProjects/pmd/pmd-java/src/test/resources/net/sourceforge/pmd/lang/java/ast/jdkversiontests/assert_test7.java: line 2:6 mismatched input 'assert' expecting {'exports', 'module', 'open', 'opens', 'provides', 'requires', 'to', 'uses', 'with', Identifier}
/home/nick/IdeaProjects/pmd/pmd-java/src/test/resources/net/sourceforge/pmd/lang/java/ast/InfiniteLoopInLookahead.java: line 19:36 no viable alternative at input 'resList.forEach(a->{resList.forEach(b->{resList.forEach(c->{resList.forEach(d->{resList.forEach(e->{resList.forEach(f->{resList.forEach(g->{resList.forEach(h->{resList// note: missing semicolon -> parse error here...}'
/home/nick/IdeaProjects/pmd/pmd-java/src/test/resources/net/sourceforge/pmd/lang/java/cpd/testdata/ignoreSpecialAnnotations.java: line 14:0 no viable alternative at input '@SuppressWarnings({"ugh","CPD-END"})'
/home/nick/IdeaProjects/pmd/pmd-java/src/test/resources/net/sourceforge/pmd/lang/java/cpd/testdata/ignoreLiterals.java: line 4:26 mismatched input '(' expecting '.'
/home/nick/IdeaProjects/pmd/pmd-java/src/test/resources/net/sourceforge/pmd/lang/java/cpd/testdata/tabWidth.java: line 1:1 mismatched input 'int' expecting {<EOF>, 'abstract', 'class', 'enum', 'final', 'import', 'interface', 'module', 'open', 'package', 'private', 'protected', 'public', 'static', 'strictfp', ';', '@'}
/home/nick/IdeaProjects/pmd/pmd-java/target/test-classes/net/sourceforge/pmd/lang/java/ast/GitHubBug309.java: line 6:48 no viable alternative at input 'int[]::<String>new'
/home/nick/IdeaProjects/pmd/pmd-java/target/test-classes/net/sourceforge/pmd/lang/java/ast/jdkversiontests/jdk14_enum.java: line 2:5 no viable alternative at input 'intenum'
/home/nick/IdeaProjects/pmd/pmd-java/target/test-classes/net/sourceforge/pmd/lang/java/ast/jdkversiontests/java15p/geometry/Shape.java: line 9:7 no viable alternative at input 'publicsealed'
/home/nick/IdeaProjects/pmd/pmd-java/target/test-classes/net/sourceforge/pmd/lang/java/ast/jdkversiontests/java15p/geometry/Square.java: line 9:7 no viable alternative at input 'publicnon'
/home/nick/IdeaProjects/pmd/pmd-java/target/test-classes/net/sourceforge/pmd/lang/java/ast/jdkversiontests/java15p/geometry/Rectangle.java: line 9:7 no viable alternative at input 'publicsealed'
/home/nick/IdeaProjects/pmd/pmd-java/target/test-classes/net/sourceforge/pmd/lang/java/ast/jdkversiontests/java15p/PatternMatchingInstanceof.java: line 11:34 no viable alternative at input 'if(objinstanceofStrings'
/home/nick/IdeaProjects/pmd/pmd-java/target/test-classes/net/sourceforge/pmd/lang/java/ast/jdkversiontests/java15p/Records.java: line 23:15 no viable alternative at input '@MyAnnotationpublicMyComplex'
/home/nick/IdeaProjects/pmd/pmd-java/target/test-classes/net/sourceforge/pmd/lang/java/ast/jdkversiontests/java15p/LocalInterfacesAndEnums.java: line 13:8 missing '}' at 'interface'
/home/nick/IdeaProjects/pmd/pmd-java/target/test-classes/net/sourceforge/pmd/lang/java/ast/jdkversiontests/java15p/Point.java: line 8:7 no viable alternative at input 'publicrecord'
/home/nick/IdeaProjects/pmd/pmd-java/target/test-classes/net/sourceforge/pmd/lang/java/ast/jdkversiontests/java15p/LocalRecords.java: line 18:28 missing ';' at '('
/home/nick/IdeaProjects/pmd/pmd-java/target/test-classes/net/sourceforge/pmd/lang/java/ast/jdkversiontests/java15p/expression/Expr.java: line 9:7 no viable alternative at input 'publicsealed'
/home/nick/IdeaProjects/pmd/pmd-java/target/test-classes/net/sourceforge/pmd/lang/java/ast/jdkversiontests/assert_test5_a.java: line 2:23 no viable alternative at input 'assert();'
/home/nick/IdeaProjects/pmd/pmd-java/target/test-classes/net/sourceforge/pmd/lang/java/ast/jdkversiontests/assert_test5.java: line 2:6 no viable alternative at input 'intassert'
/home/nick/IdeaProjects/pmd/pmd-java/target/test-classes/net/sourceforge/pmd/lang/java/ast/jdkversiontests/jdk9_invalid_identifier.java: line 10:25 no viable alternative at input 'int_'
/home/nick/IdeaProjects/pmd/pmd-java/target/test-classes/net/sourceforge/pmd/lang/java/ast/jdkversiontests/java14/YieldStatements.java: line 12:16 extraneous input 'switch' expecting {'boolean', 'byte', 'char', 'double', 'exports', 'float', 'int', 'long', 'module', 'new', 'open', 'opens', 'provides', 'requires', 'short', 'super', 'this', 'to', 'uses', 'void', 'with', IntegerLiteral, FloatingPointLiteral, BooleanLiteral, CharacterLiteral, StringLiteral, 'null', '(', '@', '!', '~', '++', '--', '+', '-', Identifier}
/home/nick/IdeaProjects/pmd/pmd-java/target/test-classes/net/sourceforge/pmd/lang/java/ast/jdkversiontests/java14/MultipleCaseLabels.java: line 19:23 no viable alternative at input 'caseMONDAY,'
/home/nick/IdeaProjects/pmd/pmd-java/target/test-classes/net/sourceforge/pmd/lang/java/ast/jdkversiontests/java14/SwitchExpressions.java: line 16:23 no viable alternative at input 'caseMONDAY,'
/home/nick/IdeaProjects/pmd/pmd-java/target/test-classes/net/sourceforge/pmd/lang/java/ast/jdkversiontests/java14/SimpleSwitchExpressions.java: line 18:25 extraneous input 'switch' expecting {'boolean', 'byte', 'char', 'double', 'exports', 'float', 'int', 'long', 'module', 'new', 'open', 'opens', 'provides', 'requires', 'short', 'super', 'this', 'to', 'uses', 'void', 'with', IntegerLiteral, FloatingPointLiteral, BooleanLiteral, CharacterLiteral, StringLiteral, 'null', '(', '{', '@', '!', '~', '++', '--', '+', '-', Identifier}
/home/nick/IdeaProjects/pmd/pmd-java/target/test-classes/net/sourceforge/pmd/lang/java/ast/jdkversiontests/java14/SwitchRules.java: line 18:21 no viable alternative at input 'caseMONDAY,'
/home/nick/IdeaProjects/pmd/pmd-java/target/test-classes/net/sourceforge/pmd/lang/java/ast/jdkversiontests/java15/TextBlocks.java: line 18:24 token recognition error at: '"\n'
/home/nick/IdeaProjects/pmd/pmd-java/target/test-classes/net/sourceforge/pmd/lang/java/ast/jdkversiontests/java16p/geometry/Shape.java: line 9:7 no viable alternative at input 'publicsealed'
/home/nick/IdeaProjects/pmd/pmd-java/target/test-classes/net/sourceforge/pmd/lang/java/ast/jdkversiontests/java16p/geometry/Square.java: line 9:7 no viable alternative at input 'publicnon'
/home/nick/IdeaProjects/pmd/pmd-java/target/test-classes/net/sourceforge/pmd/lang/java/ast/jdkversiontests/java16p/geometry/Rectangle.java: line 9:7 no viable alternative at input 'publicsealed'
/home/nick/IdeaProjects/pmd/pmd-java/target/test-classes/net/sourceforge/pmd/lang/java/ast/jdkversiontests/java16p/expression/Expr.java: line 9:7 no viable alternative at input 'publicsealed'
/home/nick/IdeaProjects/pmd/pmd-java/target/test-classes/net/sourceforge/pmd/lang/java/ast/jdkversiontests/java16/LocalClassAndInterfaceDeclarations.java: line 24:8 missing '}' at 'interface'
/home/nick/IdeaProjects/pmd/pmd-java/target/test-classes/net/sourceforge/pmd/lang/java/ast/jdkversiontests/java16/PatternMatchingInstanceof.java: line 11:34 no viable alternative at input 'if(objinstanceofStrings'
/home/nick/IdeaProjects/pmd/pmd-java/target/test-classes/net/sourceforge/pmd/lang/java/ast/jdkversiontests/java16/Records.java: line 23:15 no viable alternative at input '@MyAnnotationpublicMyComplex'
/home/nick/IdeaProjects/pmd/pmd-java/target/test-classes/net/sourceforge/pmd/lang/java/ast/jdkversiontests/java16/Point.java: line 8:7 no viable alternative at input 'publicrecord'
/home/nick/IdeaProjects/pmd/pmd-java/target/test-classes/net/sourceforge/pmd/lang/java/ast/jdkversiontests/java16/LocalRecords.java: line 18:28 missing ';' at '('
/home/nick/IdeaProjects/pmd/pmd-java/target/test-classes/net/sourceforge/pmd/lang/java/ast/jdkversiontests/assert_test7.java: line 2:6 mismatched input 'assert' expecting {'exports', 'module', 'open', 'opens', 'provides', 'requires', 'to', 'uses', 'with', Identifier}
/home/nick/IdeaProjects/pmd/pmd-java/target/test-classes/net/sourceforge/pmd/lang/java/ast/InfiniteLoopInLookahead.java: line 19:36 no viable alternative at input 'resList.forEach(a->{resList.forEach(b->{resList.forEach(c->{resList.forEach(d->{resList.forEach(e->{resList.forEach(f->{resList.forEach(g->{resList.forEach(h->{resList// note: missing semicolon -> parse error here...}'
/home/nick/IdeaProjects/pmd/pmd-java/target/test-classes/net/sourceforge/pmd/lang/java/cpd/testdata/ignoreSpecialAnnotations.java: line 14:0 no viable alternative at input '@SuppressWarnings({"ugh","CPD-END"})'
/home/nick/IdeaProjects/pmd/pmd-java/target/test-classes/net/sourceforge/pmd/lang/java/cpd/testdata/ignoreLiterals.java: line 4:26 mismatched input '(' expecting '.'
/home/nick/IdeaProjects/pmd/pmd-java/target/test-classes/net/sourceforge/pmd/lang/java/cpd/testdata/tabWidth.java: line 1:1 mismatched input 'int' expecting {<EOF>, 'abstract', 'class', 'enum', 'final', 'import', 'interface', 'module', 'open', 'package', 'private', 'protected', 'public', 'static', 'strictfp', ';', '@'}
/home/nick/IdeaProjects/pmd/pmd-java/target/generated-sources/javacc/net/sourceforge/pmd/lang/java/ast/JavaParser.java: line 241:54 token recognition error at: '\'
Total Java 9 grammar execution time: 996548 ms
Number of successfully parsed files: 3384
Number of files failed to parse: 73
